xc: debug: hypercall buffer: total allocations:64 total releases:64
xc: debug: hypercall buffer: current allocations:0 maximum allocations:4
xc: debug: hypercall buffer: cache current size:4
xc: debug: hypercall buffer: cache hits:56 misses:4 toobig:4
libxl: debug: libxl_create.c:1230:do_domain_create: ao 0x7f4bf8008bc0: create: how=(nil) callback=(nil) poller=0x7f4bf8001db0
libxl: debug: libxl_device.c:257:libxl__device_disk_set_backend: Disk vdev=xvda spec.backend=qdisk
libxl: debug: libxl_device.c:257:libxl__device_disk_set_backend: Disk vdev=xvdc spec.backend=qdisk
libxl: debug: libxl_create.c:675:initiate_domain_create: running bootloader
libxl: debug: libxl_bootloader.c:321:libxl__bootloader_run: not a PV domain, skipping bootloader
libxl: debug: libxl_event.c:608:libxl__ev_xswatch_deregister: watch w=0x7f4bf80021c8: deregister unregistered
libxl: debug: libxl_numa.c:475:libxl__get_numa_candidate: New best NUMA placement candidate found: nr_nodes=1, nr_cpus=2, nr_vcpus=3, free_memkb=1234
libxl: detail: libxl_dom.c:195:numa_place_domain: NUMA placement candidate with 1 nodes, 2 cpus and 1234 KB free selected
xc: detail: elf_parse_binary: phdr: paddr=0x100000 memsz=0x9f1a8
xc: detail: elf_parse_binary: memory: 0x100000 -> 0x19f1a8
xc: info: VIRTUAL MEMORY ARRANGEMENT:
  Loader:        0000000000100000->000000000019f1a8
  Modules:       0000000000000000->0000000000000000
  TOTAL:         0000000000000000->000000001f800000
  ENTRY ADDRESS: 0000000000100000
xc: info: PHYSICAL MEMORY ALLOCATION:
  4KB PAGES: 0x0000000000000200
  2MB PAGES: 0x00000000000000fb
  1GB PAGES: 0x0000000000000000
xc: detail: elf_load_binary: phdr 0 at 0x7f4c1af55000 -> 0x7f4c1afeb02d
libxl: debug: libxl_device.c:257:libxl__device_disk_set_backend: Disk vdev=xvda spec.backend=qdisk
libxl: debug: libxl_device.c:257:libxl__device_disk_set_backend: Disk vdev=xvdc spec.backend=qdisk
libxl: debug: libxl_dm.c:1218:libxl__spawn_local_dm: Spawning device-model /usr/lib/xen/bin/qemu-system-i386 with arguments:
libxl: debug: libxl_dm.c:1220:libxl__spawn_local_dm:   /usr/lib/xen/bin/qemu-system-i386
libxl: debug: libxl_dm.c:1220:libxl__spawn_local_dm:   -xen-domid
libxl: debug: libxl_dm.c:1220:libxl__spawn_local_dm:   11
libxl: debug: libxl_dm.c:1220:libxl__spawn_local_dm:   -chardev
libxl: debug: libxl_dm.c:1220:libxl__spawn_local_dm:   socket,id=libxl-cmd,path=/var/run/xen/qmp-libxl-11,server,nowait
libxl: debug: libxl_dm.c:1220:libxl__spawn_local_dm:   -mon
libxl: debug: libxl_dm.c:1220:libxl__spawn_local_dm:   chardev=libxl-cmd,mode=control
libxl: debug: libxl_dm.c:1220:libxl__spawn_local_dm:   -name
libxl: debug: libxl_dm.c:1220:libxl__spawn_local_dm:   opensuse12_3_01
libxl: debug: libxl_dm.c:1220:libxl__spawn_local_dm:   -vnc
libxl: debug: libxl_dm.c:1220:libxl__spawn_local_dm:   127.0.0.1:0,to=99
libxl: debug: libxl_dm.c:1220:libxl__spawn_local_dm:   -global
libxl: debug: libxl_dm.c:1220:libxl__spawn_local_dm:   isa-fdc.driveA=
libxl: debug: libxl_dm.c:1220:libxl__spawn_local_dm:   -vga
libxl: debug: libxl_dm.c:1220:libxl__spawn_local_dm:   cirrus
libxl: debug: libxl_dm.c:1220:libxl__spawn_local_dm:   -global
libxl: debug: libxl_dm.c:1220:libxl__spawn_local_dm:   vga.vram_size_mb=8
libxl: debug: libxl_dm.c:1220:libxl__spawn_local_dm:   -boot
libxl: debug: libxl_dm.c:1220:libxl__spawn_local_dm:   order=d
libxl: debug: libxl_dm.c:1220:libxl__spawn_local_dm:   -net
libxl: debug: libxl_dm.c:1220:libxl__spawn_local_dm:   none
libxl: debug: libxl_dm.c:1220:libxl__spawn_local_dm:   -M
libxl: debug: libxl_dm.c:1220:libxl__spawn_local_dm:   xenfv
libxl: debug: libxl_dm.c:1220:libxl__spawn_local_dm:   -m
libxl: debug: libxl_dm.c:1220:libxl__spawn_local_dm:   504
libxl: debug: libxl_dm.c:1220:libxl__spawn_local_dm:   -drive
libxl: debug: libxl_dm.c:1220:libxl__spawn_local_dm:   file=/var/lib/xen/images/opensuse12_3_01/disk0.raw,if=ide,index=0,media=disk,format=raw,cache=writeback
libxl: debug: libxl_dm.c:1220:libxl__spawn_local_dm:   -drive
libxl: debug: libxl_dm.c:1220:libxl__spawn_local_dm:   file=/home/bamvor/iso/openSUSE-12.3-1.7-x86_64.iso,if=ide,index=2,media=cdrom,format=raw,cache=writeback,id=ide-51744
libxl: debug: libxl_event.c:559:libxl__ev_xswatch_register: watch w=0x7f4bf8002400 wpath=/local/domain/0/device-model/11/state token=3/0: register slotnum=3
libxl: debug: libxl_create.c:1243:do_domain_create: ao 0x7f4bf8008bc0: inprogress: poller=0x7f4bf8001db0, flags=i
libxl: debug: libxl_event.c:503:watchfd_callback: watch w=0x7f4bf8002400 wpath=/local/domain/0/device-model/11/state token=3/0: event epath=/local/domain/0/device-model/11/state
libxl: debug: libxl_event.c:503:watchfd_callback: watch w=0x7f4bf8002400 wpath=/local/domain/0/device-model/11/state token=3/0: event epath=/local/domain/0/device-model/11/state
libxl: debug: libxl_event.c:596:libxl__ev_xswatch_deregister: watch w=0x7f4bf8002400 wpath=/local/domain/0/device-model/11/state token=3/0: deregister slotnum=3
libxl: debug: libxl_event.c:608:libxl__ev_xswatch_deregister: watch w=0x7f4bf8002400: deregister unregistered
libxl: debug: libxl_qmp.c:707:libxl__qmp_initialize: connected to /var/run/xen/qmp-libxl-11
libxl: debug: libxl_qmp.c:299:qmp_handle_response: message type: qmp
libxl: debug: libxl_qmp.c:555:qmp_send_prepare: next qmp command: '{
    "execute": "qmp_capabilities",
    "id": 1
}
'
libxl: debug: libxl_qmp.c:299:qmp_handle_response: message type: return
libxl: debug: libxl_qmp.c:555:qmp_send_prepare: next qmp command: '{
    "execute": "query-chardev",
    "id": 2
}
'
libxl: debug: libxl_qmp.c:299:qmp_handle_response: message type: return
libxl: debug: libxl_qmp.c:555:qmp_send_prepare: next qmp command: '{
    "execute": "query-vnc",
    "id": 3
}
'
libxl: debug: libxl_qmp.c:299:qmp_handle_response: message type: return
libxl: debug: libxl_event.c:1755:libxl__ao_progress_report: ao 0x7f4bf8008bc0: progress report: ignored
libxl: debug: libxl_event.c:1569:libxl__ao_complete: ao 0x7f4bf8008bc0: complete, rc=0
libxl: debug: libxl_event.c:1541:libxl__ao__destroy: ao 0x7f4bf8008bc0: destroy
libxl: debug: libxl_event.c:559:libxl__ev_xswatch_register: watch w=0x7f4bf8009100 wpath=@releaseDomain token=3/1: register slotnum=3
libxl: debug: libxl_event.c:503:watchfd_callback: watch w=0x7f4bf8009100 wpath=@releaseDomain token=3/1: event epath=@releaseDomain
libxl: debug: libxl.c:999:domain_death_xswatch_callback: [evg=0x7f4bf8001df0:11] from domid=11 nentries=1 rc=1
libxl: debug: libxl.c:1010:domain_death_xswatch_callback: [evg=0x7f4bf8001df0:11]   got=domaininfos[0] got->domain=11
libxl: debug: libxl.c:1037:domain_death_xswatch_callback:  exists shutdown_reported=0 dominf.flags=ffff0002
libxl: debug: libxl.c:1003:domain_death_xswatch_callback: [evg=0] all reported
libxl: debug: libxl.c:1067:domain_death_xswatch_callback: domain death search done
libxl: debug: libxl.c:763:libxl_domain_suspend: ao 0x7f4c08004720: create: how=(nil) callback=(nil) poller=0x7f4bf8001db0
libxl: debug: libxl_dom.c:1208:libxl__toolstack_save: domain=11 toolstack data size=49
libxl: debug: libxl.c:785:libxl_domain_suspend: ao 0x7f4c08004720: inprogress: poller=0x7f4bf8001db0, flags=i
libxl-save-helper: debug: starting save: Success
xc: detail: xc_domain_save: starting save of domid 11
libxl: debug: libxl_dom.c:1032:libxl__domain_suspend_common_callback: Calling xc_domain_shutdown on HVM domain
libxl: debug: libxl_dom.c:1093:libxl__domain_suspend_common_callback: wait for the guest to suspend
libxl: debug: libxl_dom.c:1107:libxl__domain_suspend_common_callback: guest has suspended
libxl: debug: libxl_qmp.c:707:libxl__qmp_initialize: connected to /var/run/xen/qmp-libxl-11
libxl: debug: libxl_qmp.c:299:qmp_handle_response: message type: qmp
libxl: debug: libxl_qmp.c:555:qmp_send_prepare: next qmp command: '{
    "execute": "qmp_capabilities",
    "id": 1
}
'
libxl: debug: libxl_qmp.c:299:qmp_handle_response: message type: return
libxl: debug: libxl_qmp.c:555:qmp_send_prepare: next qmp command: '{
    "execute": "stop",
    "id": 2
}
'
libxl: debug: libxl_qmp.c:299:qmp_handle_response: message type: event
libxl: debug: libxl_qmp.c:299:qmp_handle_response: message type: return
libxl: debug: libxl_qmp.c:707:libxl__qmp_initialize: connected to /var/run/xen/qmp-libxl-11
libxl: debug: libxl_qmp.c:299:qmp_handle_response: message type: qmp
libxl: debug: libxl_qmp.c:555:qmp_send_prepare: next qmp command: '{
    "execute": "qmp_capabilities",
    "id": 1
}
'
libxl: debug: libxl_qmp.c:299:qmp_handle_response: message type: return
libxl: debug: libxl_qmp.c:555:qmp_send_prepare: next qmp command: '{
    "execute": "xen-save-devices-state",
    "id": 2,
    "arguments": {
        "filename": "/var/lib/xen/qemu-save.11"
    }
}
'
libxl: debug: libxl_qmp.c:299:qmp_handle_response: message type: return
libxl: debug: libxl_event.c:503:watchfd_callback: watch w=0x7f4bf8009100 wpath=@releaseDomain token=3/1: event epath=@releaseDomain
libxl: debug: libxl.c:999:domain_death_xswatch_callback: [evg=0x7f4bf8001df0:11] from domid=11 nentries=1 rc=1
libxl: debug: libxl.c:1010:domain_death_xswatch_callback: [evg=0x7f4bf8001df0:11]   got=domaininfos[0] got->domain=11
libxl: debug: libxl.c:1037:domain_death_xswatch_callback:  exists shutdown_reported=0 dominf.flags=20006
libxl: debug: libxl.c:1049:domain_death_xswatch_callback:  shutdown reporting
libxl: debug: libxl.c:1003:domain_death_xswatch_callback: [evg=0] all reported
libxl: debug: libxl.c:1067:domain_death_xswatch_callback: domain death search done
libxl: debug: libxl_event.c:1154:egc_run_callbacks: event 0x7f4c08002100 callback type=domain_shutdown
xc: progress: Saving memory: iter 0 (last sent 0 skipped 0): 0/1048575    0%
xc: debug: outbuf_write: 4194304 > 90092@16687124
xc: debug: outbuf_write: 4194304 > 4169716@12607500
xc: debug: outbuf_write: 4194304 > 4169716@12607500
xc: detail: Saving memory: iter 0 (last sent 0 skipped 0): 11264/1048575    1%
xc: debug: outbuf_write: 4194304 > 4169716@12607500
xc: debug: outbuf_write: 4194304 > 4169716@12607500
xc: debug: outbuf_write: 4194304 > 4169716@12607500
xc: detail: Saving memory: iter 0 (last sent 0 skipped 0): 21504/1048575    2%
xc: debug: outbuf_write: 4194304 > 4169716@12607500
xc: debug: outbuf_write: 4194304 > 4169716@12607500
xc: debug: outbuf_write: 4194304 > 4169716@12607500
xc: detail: Saving memory: iter 0 (last sent 0 skipped 0): 31744/1048575    3%
xc: debug: outbuf_write: 4194304 > 4169716@12607500
xc: debug: outbuf_write: 4194304 > 4169716@12607500
xc: debug: outbuf_write: 4194304 > 4169716@12607500
xc: debug: outbuf_write: 4194304 > 4169716@12607500
xc: detail: Saving memory: iter 0 (last sent 0 skipped 0): 41984/1048575    4%
xc: debug: outbuf_write: 4194304 > 4169716@12607500
xc: debug: outbuf_write: 4194304 > 4169716@12607500
xc: debug: outbuf_write: 4194304 > 4169716@12607500
xc: detail: Saving memory: iter 0 (last sent 0 skipped 0): 53248/1048575    5%
xc: debug: outbuf_write: 4194304 > 4169716@12607500
xc: debug: outbuf_write: 4194304 > 4169716@12607500
xc: debug: outbuf_write: 4194304 > 4169716@12607500
xc: debug: outbuf_write: 4194304 > 4169716@12607500
xc: detail: Saving memory: iter 0 (last sent 0 skipped 0): 63488/1048575    6%
xc: debug: outbuf_write: 4194304 > 4169716@12607500
xc: debug: outbuf_write: 4194304 > 4169716@12607500
xc: debug: outbuf_write: 4194304 > 4169716@12607500
xc: detail: Saving memory: iter 0 (last sent 0 skipped 0): 73728/1048575    7%
xc: debug: outbuf_write: 4194304 > 4169716@12607500
xc: debug: outbuf_write: 4194304 > 4169716@12607500
xc: debug: outbuf_write: 4194304 > 4169716@12607500
xc: detail: Saving memory: iter 0 (last sent 0 skipped 0): 83968/1048575    8%
xc: debug: outbuf_write: 4194304 > 4169716@12607500
xc: debug: outbuf_write: 4194304 > 4169716@12607500
xc: debug: outbuf_write: 4194304 > 4169716@12607500
xc: debug: outbuf_write: 4194304 > 4169716@12607500
xc: detail: Saving memory: iter 0 (last sent 0 skipped 0): 95232/1048575    9%
xc: debug: outbuf_write: 4194304 > 4169716@12607500
xc: debug: outbuf_write: 4194304 > 4169716@12607500
xc: debug: outbuf_write: 4194304 > 4169716@12607500
xc: detail: Saving memory: iter 0 (last sent 0 skipped 0): 105472/1048575   10%
xc: debug: outbuf_write: 4194304 > 4169716@12607500
xc: debug: outbuf_write: 4194304 > 4169716@12607500
xc: debug: outbuf_write: 4194304 > 4169716@12607500
xc: debug: outbuf_write: 4194304 > 4169716@12607500
xc: detail: Saving memory: iter 0 (last sent 0 skipped 0): 115712/1048575   11%
xc: debug: outbuf_write: 4194304 > 4169716@12607500
xc: debug: outbuf_write: 4194304 > 4169716@12607500
xc: debug: outbuf_write: 4194304 > 4169716@12607500
xc: detail: Saving memory: iter 0 (last sent 0 skipped 0): 125952/1048575   12%
xc: debug: outbuf_write: 4194304 > 4169716@12607500
xc: detail: Saving memory: iter 0 (last sent 0 skipped 0): 137216/1048575   13%
xc: detail: Saving memory: iter 0 (last sent 0 skipped 0): 147456/1048575   14%
xc: detail: Saving memory: iter 0 (last sent 0 skipped 0): 157696/1048575   15%
xc: detail: Saving memory: iter 0 (last sent 0 skipped 0): 167936/1048575   16%
xc: detail: Saving memory: iter 0 (last sent 0 skipped 0): 179200/1048575   17%
xc: detail: Saving memory: iter 0 (last sent 0 skipped 0): 189440/1048575   18%
xc: detail: Saving memory: iter 0 (last sent 0 skipped 0): 199680/1048575   19%
xc: detail: Saving memory: iter 0 (last sent 0 skipped 0): 209920/1048575   20%
xc: detail: Saving memory: iter 0 (last sent 0 skipped 0): 221184/1048575   21%
xc: detail: Saving memory: iter 0 (last sent 0 skipped 0): 231424/1048575   22%
xc: detail: Saving memory: iter 0 (last sent 0 skipped 0): 241664/1048575   23%
xc: detail: Saving memory: iter 0 (last sent 0 skipped 0): 251904/1048575   24%
xc: detail: Saving memory: iter 0 (last sent 0 skipped 0): 262144/1048575   25%
xc: detail: Saving memory: iter 0 (last sent 0 skipped 0): 273408/1048575   26%
xc: detail: Saving memory: iter 0 (last sent 0 skipped 0): 283648/1048575   27%
xc: detail: Saving memory: iter 0 (last sent 0 skipped 0): 293888/1048575   28%
xc: detail: Saving memory: iter 0 (last sent 0 skipped 0): 304128/1048575   29%
xc: detail: Saving memory: iter 0 (last sent 0 skipped 0): 315392/1048575   30%
xc: detail: Saving memory: iter 0 (last sent 0 skipped 0): 325632/1048575   31%
xc: detail: Saving memory: iter 0 (last sent 0 skipped 0): 335872/1048575   32%
xc: detail: Saving memory: iter 0 (last sent 0 skipped 0): 346112/1048575   33%
xc: detail: Saving memory: iter 0 (last sent 0 skipped 0): 357376/1048575   34%
xc: detail: Saving memory: iter 0 (last sent 0 skipped 0): 367616/1048575   35%
xc: detail: Saving memory: iter 0 (last sent 0 skipped 0): 377856/1048575   36%
xc: detail: Saving memory: iter 0 (last sent 0 skipped 0): 388096/1048575   37%
xc: detail: Saving memory: iter 0 (last sent 0 skipped 0): 399360/1048575   38%
xc: detail: Saving memory: iter 0 (last sent 0 skipped 0): 409600/1048575   39%
xc: detail: Saving memory: iter 0 (last sent 0 skipped 0): 419840/1048575   40%
xc: detail: Saving memory: iter 0 (last sent 0 skipped 0): 430080/1048575   41%
xc: detail: Saving memory: iter 0 (last sent 0 skipped 0): 441344/1048575   42%
xc: detail: Saving memory: iter 0 (last sent 0 skipped 0): 451584/1048575   43%
xc: detail: Saving memory: iter 0 (last sent 0 skipped 0): 461824/1048575   44%
xc: detail: Saving memory: iter 0 (last sent 0 skipped 0): 472064/1048575   45%
xc: detail: Saving memory: iter 0 (last sent 0 skipped 0): 483328/1048575   46%
xc: detail: Saving memory: iter 0 (last sent 0 skipped 0): 493568/1048575   47%
xc: detail: Saving memory: iter 0 (last sent 0 skipped 0): 503808/1048575   48%
xc: detail: Saving memory: iter 0 (last sent 0 skipped 0): 514048/1048575   49%
xc: detail: Saving memory: iter 0 (last sent 0 skipped 0): 524288/1048575   50%
xc: detail: Saving memory: iter 0 (last sent 0 skipped 0): 535552/1048575   51%
xc: detail: Saving memory: iter 0 (last sent 0 skipped 0): 545792/1048575   52%
xc: detail: Saving memory: iter 0 (last sent 0 skipped 0): 556032/1048575   53%
xc: detail: Saving memory: iter 0 (last sent 0 skipped 0): 566272/1048575   54%
xc: detail: Saving memory: iter 0 (last sent 0 skipped 0): 577536/1048575   55%
xc: detail: Saving memory: iter 0 (last sent 0 skipped 0): 587776/1048575   56%
xc: detail: Saving memory: iter 0 (last sent 0 skipped 0): 598016/1048575   57%
xc: detail: Saving memory: iter 0 (last sent 0 skipped 0): 608256/1048575   58%
xc: detail: Saving memory: iter 0 (last sent 0 skipped 0): 619520/1048575   59%
xc: detail: Saving memory: iter 0 (last sent 0 skipped 0): 629760/1048575   60%
xc: detail: Saving memory: iter 0 (last sent 0 skipped 0): 640000/1048575   61%
xc: detail: Saving memory: iter 0 (last sent 0 skipped 0): 650240/1048575   62%
xc: detail: Saving memory: iter 0 (last sent 0 skipped 0): 661504/1048575   63%
xc: detail: Saving memory: iter 0 (last sent 0 skipped 0): 671744/1048575   64%
xc: detail: Saving memory: iter 0 (last sent 0 skipped 0): 681984/1048575   65%
xc: detail: Saving memory: iter 0 (last sent 0 skipped 0): 692224/1048575   66%
xc: detail: Saving memory: iter 0 (last sent 0 skipped 0): 703488/1048575   67%
xc: detail: Saving memory: iter 0 (last sent 0 skipped 0): 713728/1048575   68%
xc: detail: Saving memory: iter 0 (last sent 0 skipped 0): 723968/1048575   69%
xc: detail: Saving memory: iter 0 (last sent 0 skipped 0): 734208/1048575   70%
xc: detail: Saving memory: iter 0 (last sent 0 skipped 0): 745472/1048575   71%
xc: detail: Saving memory: iter 0 (last sent 0 skipped 0): 755712/1048575   72%
xc: detail: Saving memory: iter 0 (last sent 0 skipped 0): 765952/1048575   73%
xc: detail: Saving memory: iter 0 (last sent 0 skipped 0): 776192/1048575   74%
xc: detail: Saving memory: iter 0 (last sent 0 skipped 0): 786432/1048575   75%
xc: detail: Saving memory: iter 0 (last sent 0 skipped 0): 797696/1048575   76%
xc: detail: Saving memory: iter 0 (last sent 0 skipped 0): 807936/1048575   77%
xc: detail: Saving memory: iter 0 (last sent 0 skipped 0): 818176/1048575   78%
xc: detail: Saving memory: iter 0 (last sent 0 skipped 0): 828416/1048575   79%
xc: detail: Saving memory: iter 0 (last sent 0 skipped 0): 839680/1048575   80%
xc: detail: Saving memory: iter 0 (last sent 0 skipped 0): 849920/1048575   81%
xc: detail: Saving memory: iter 0 (last sent 0 skipped 0): 860160/1048575   82%
xc: detail: Saving memory: iter 0 (last sent 0 skipped 0): 870400/1048575   83%
xc: detail: Saving memory: iter 0 (last sent 0 skipped 0): 881664/1048575   84%
xc: detail: Saving memory: iter 0 (last sent 0 skipped 0): 891904/1048575   85%
xc: detail: Saving memory: iter 0 (last sent 0 skipped 0): 902144/1048575   86%
xc: detail: Saving memory: iter 0 (last sent 0 skipped 0): 912384/1048575   87%
xc: detail: Saving memory: iter 0 (last sent 0 skipped 0): 923648/1048575   88%
xc: detail: Saving memory: iter 0 (last sent 0 skipped 0): 933888/1048575   89%
xc: detail: Saving memory: iter 0 (last sent 0 skipped 0): 944128/1048575   90%
xc: detail: Saving memory: iter 0 (last sent 0 skipped 0): 954368/1048575   91%
xc: detail: Saving memory: iter 0 (last sent 0 skipped 0): 965632/1048575   92%
xc: detail: Saving memory: iter 0 (last sent 0 skipped 0): 975872/1048575   93%
xc: debug: outbuf_write: 4194304 > 4095984@12681232
xc: detail: Saving memory: iter 0 (last sent 0 skipped 0): 986112/1048575   94%
xc: detail: Saving memory: iter 0 (last sent 0 skipped 0): 996352/1048575   95%
xc: detail: Saving memory: iter 0 (last sent 0 skipped 0): 1007616/1048575   96%
xc: detail: Saving memory: iter 0 (last sent 0 skipped 0): 1017856/1048575   97%
xc: detail: Saving memory: iter 0 (last sent 0 skipped 0): 1028096/1048575   98%
xc: detail: Saving memory: iter 0 (last sent 0 skipped 0): 1038336/1048575   99%
xc: detail: type fail: page 1023 mfn 000fdfff
xc: detail: Saving memory: iter 0 (last sent 0 skipped 0): 1048575/1048575  100%
xc: detail: delta 7235ms, dom0 36%, target 0%, sent 607Mb/s, dirtied 0Mb/s 0 pages
xc: detail: Total pages sent= 134144 (0.13x)
xc: detail: (of which 0 were fixups)
xc: detail: All memory is saved
xc: detail: Save exit of domid 11 with rc=0
libxl-save-helper: debug: complete r=0: Success
libxl: debug: libxl_qmp.c:707:libxl__qmp_initialize: connected to /var/run/xen/qmp-libxl-11
libxl: debug: libxl_qmp.c:299:qmp_handle_response: message type: qmp
libxl: debug: libxl_qmp.c:555:qmp_send_prepare: next qmp command: '{
    "execute": "qmp_capabilities",
    "id": 1
}
'
libxl: debug: libxl_qmp.c:299:qmp_handle_response: message type: return
libxl: debug: libxl_qmp.c:555:qmp_send_prepare: next qmp command: '{
    "execute": "stop",
    "id": 2
}
'
libxl: debug: libxl_qmp.c:299:qmp_handle_response: message type: return
libxl: debug: libxl_qmp.c:707:libxl__qmp_initialize: connected to /var/run/xen/qmp-libxl-11
libxl: debug: libxl_qmp.c:299:qmp_handle_response: message type: qmp
libxl: debug: libxl_qmp.c:555:qmp_send_prepare: next qmp command: '{
    "execute": "qmp_capabilities",
    "id": 1
}
'
libxl: debug: libxl_qmp.c:299:qmp_handle_response: message type: return
libxl: debug: libxl_qmp.c:555:qmp_send_prepare: next qmp command: '{
    "execute": "xen-save-devices-state",
    "id": 2,
    "arguments": {
        "filename": "/var/lib/xen/qemu-save.11"
    }
}
'
libxl: debug: libxl_qmp.c:299:qmp_handle_response: message type: return
libxl: debug: libxl_dom.c:1439:libxl__domain_save_device_model: qemu save file /var/lib/xen/qemu-save.11 is 9203 bytes
libxl: debug: libxl_event.c:1569:libxl__ao_complete: ao 0x7f4c08004720: complete, rc=0
libxl: debug: libxl_event.c:1541:libxl__ao__destroy: ao 0x7f4c08004720: destroy
libxl: debug: libxl.c:1251:libxl_domain_destroy: ao 0x7f4c080017d0: create: how=(nil) callback=(nil) poller=0x7f4bf8001db0
libxl: debug: libxl_dm.c:1321:libxl__destroy_device_model: Device Model signaled
libxl: debug: libxl.c:1260:libxl_domain_destroy: ao 0x7f4c080017d0: inprogress: poller=0x7f4bf8001db0, flags=i
libxl: debug: libxl_event.c:1569:libxl__ao_complete: ao 0x7f4c080017d0: complete, rc=0
libxl: debug: libxl_event.c:503:watchfd_callback: watch w=0x7f4bf8009100 wpath=@releaseDomain token=3/1: event epath=@releaseDomain
libxl: debug: libxl.c:999:domain_death_xswatch_callback: [evg=0x7f4bf8001df0:11] from domid=11 nentries=1 rc=0
libxl: debug: libxl.c:1010:domain_death_xswatch_callback: [evg=0x7f4bf8001df0:11]   got=domaininfos[0] got->domain=-1
libxl: debug: libxl.c:955:domain_death_occurred: empty list
libxl: debug: libxl.c:1003:domain_death_xswatch_callback: [evg=0] all reported
libxl: debug: libxl.c:1067:domain_death_xswatch_callback: domain death search done
libxl: debug: libxl_event.c:1154:egc_run_callbacks: event 0x7f4c2db509f0 callback type=domain_death
libxl: debug: libxl_event.c:1541:libxl__ao__destroy: ao 0x7f4c080017d0: destroy
libxl: debug: libxl_event.c:596:libxl__ev_xswatch_deregister: watch w=0x7f4bf8009100 wpath=@releaseDomain token=3/1: deregister slotnum=3
libxl: debug: libxl_create.c:1230:do_domain_create: ao 0x7f4c04001800: create: how=(nil) callback=(nil) poller=0x7f4c04001c50
libxl: debug: libxl_device.c:257:libxl__device_disk_set_backend: Disk vdev=xvda spec.backend=qdisk
libxl: debug: libxl_device.c:257:libxl__device_disk_set_backend: Disk vdev=xvdc spec.backend=qdisk
libxl: debug: libxl_create.c:672:initiate_domain_create: restoring, not running bootloader

libxl: debug: libxl_numa.c:475:libxl__get_numa_candidate: New best NUMA placement candidate found: nr_nodes=1, nr_cpus=2, nr_vcpus=3, free_memkb=1234
libxl: detail: libxl_dom.c:195:numa_place_domain: NUMA placement candidate with 1 nodes, 2 cpus and 1234 KB free selected
libxl: debug: libxl_create.c:1243:do_domain_create: ao 0x7f4c04001800: inprogress: poller=0x7f4c04001c50, flags=i
libxl-save-helper: debug: starting restore: Success
xc: detail: xc_domain_restore: starting restore of new domid 12
xc: detail: xc_domain_restore: p2m_size = fffff
xc: progress: Reloading memory pages: 0/1048575    0%
xc: debug: batch 1024
xc: detail: Falling back 160 pages pfn 0
xc: detail: Mapping superpage (512) pfn 200, mfn 200
xc: detail: Mapping order 0,  480; first pfn 0
xc: debug: batch 1024
xc: detail: Mapping superpage (512) pfn 400, mfn 400
xc: detail: Mapping superpage (512) pfn 600, mfn 600
xc: debug: batch 1024
xc: detail: Mapping superpage (512) pfn 800, mfn 800
xc: detail: Mapping superpage (512) pfn a00, mfn a00
xc: debug: batch 1024
xc: detail: Mapping superpage (512) pfn c00, mfn c00
xc: detail: Mapping superpage (512) pfn e00, mfn e00
xc: debug: batch 1024
xc: detail: Mapping superpage (512) pfn 1000, mfn 1000
xc: detail: Mapping superpage (512) pfn 1200, mfn 1200
xc: debug: batch 1024
xc: detail: Mapping superpage (512) pfn 1400, mfn 1400
xc: detail: Mapping superpage (512) pfn 1600, mfn 1600
xc: debug: batch 1024
xc: detail: Mapping superpage (512) pfn 1800, mfn 1800
xc: detail: Mapping superpage (512) pfn 1a00, mfn 1a00
xc: debug: batch 1024
xc: detail: Mapping superpage (512) pfn 1c00, mfn 1c00
xc: detail: Mapping superpage (512) pfn 1e00, mfn 1e00
xc: debug: batch 1024
xc: detail: Mapping superpage (512) pfn 2000, mfn 2000
xc: detail: Mapping superpage (512) pfn 2200, mfn 2200
xc: debug: batch 1024
xc: detail: Mapping superpage (512) pfn 2400, mfn 2400
xc: detail: Mapping superpage (512) pfn 2600, mfn 2600
xc: debug: batch 1024
xc: detail: Mapping superpage (512) pfn 2800, mfn 2800
xc: detail: Mapping superpage (512) pfn 2a00, mfn 2a00
xc: detail: Reloading memory pages: 11264/1048575    1%
xc: debug: batch 1024
xc: detail: Mapping superpage (512) pfn 2c00, mfn 2c00
xc: detail: Mapping superpage (512) pfn 2e00, mfn 2e00
xc: debug: batch 1024
xc: detail: Mapping superpage (512) pfn 3000, mfn 3000
xc: detail: Mapping superpage (512) pfn 3200, mfn 3200
xc: debug: batch 1024
xc: detail: Mapping superpage (512) pfn 3400, mfn 3400
xc: detail: Mapping superpage (512) pfn 3600, mfn 3600
xc: debug: batch 1024
xc: detail: Mapping superpage (512) pfn 3800, mfn 3800
xc: detail: Mapping superpage (512) pfn 3a00, mfn 3a00
xc: debug: batch 1024
xc: detail: Mapping superpage (512) pfn 3c00, mfn 3c00
xc: detail: Mapping superpage (512) pfn 3e00, mfn 3e00
xc: debug: batch 1024
xc: detail: Mapping superpage (512) pfn 4000, mfn 4000
xc: detail: Mapping superpage (512) pfn 4200, mfn 4200
xc: debug: batch 1024
xc: detail: Mapping superpage (512) pfn 4400, mfn 4400
xc: detail: Mapping superpage (512) pfn 4600, mfn 4600
xc: debug: batch 1024
xc: detail: Mapping superpage (512) pfn 4800, mfn 4800
xc: detail: Mapping superpage (512) pfn 4a00, mfn 4a00
xc: debug: batch 1024
xc: detail: Mapping superpage (512) pfn 4c00, mfn 4c00
xc: detail: Mapping superpage (512) pfn 4e00, mfn 4e00
xc: debug: batch 1024
xc: detail: Mapping superpage (512) pfn 5000, mfn 5000
xc: detail: Mapping superpage (512) pfn 5200, mfn 5200
xc: detail: Reloading memory pages: 21504/1048575    2%
xc: debug: batch 1024
xc: detail: Mapping superpage (512) pfn 5400, mfn 5400
xc: detail: Mapping superpage (512) pfn 5600, mfn 5600
xc: debug: batch 1024
xc: detail: Mapping superpage (512) pfn 5800, mfn 5800
xc: detail: Mapping superpage (512) pfn 5a00, mfn 5a00
xc: debug: batch 1024
xc: detail: Mapping superpage (512) pfn 5c00, mfn 5c00
xc: detail: Mapping superpage (512) pfn 5e00, mfn 5e00
xc: debug: batch 1024
xc: detail: Mapping superpage (512) pfn 6000, mfn 6000
xc: detail: Mapping superpage (512) pfn 6200, mfn 6200
xc: debug: batch 1024
xc: detail: Mapping superpage (512) pfn 6400, mfn 6400
xc: detail: Mapping superpage (512) pfn 6600, mfn 6600
xc: debug: batch 1024
xc: detail: Mapping superpage (512) pfn 6800, mfn 6800
xc: detail: Mapping superpage (512) pfn 6a00, mfn 6a00
xc: debug: batch 1024
xc: detail: Mapping superpage (512) pfn 6c00, mfn 6c00
xc: detail: Mapping superpage (512) pfn 6e00, mfn 6e00
xc: debug: batch 1024
xc: detail: Mapping superpage (512) pfn 7000, mfn 7000
xc: detail: Mapping superpage (512) pfn 7200, mfn 7200
xc: debug: batch 1024
xc: detail: Mapping superpage (512) pfn 7400, mfn 7400
xc: detail: Mapping superpage (512) pfn 7600, mfn 7600
xc: debug: batch 1024
xc: detail: Mapping superpage (512) pfn 7800, mfn 7800
xc: detail: Mapping superpage (512) pfn 7a00, mfn 7a00
xc: detail: Reloading memory pages: 31744/1048575    3%
xc: debug: batch 1024
xc: detail: Mapping superpage (512) pfn 7c00, mfn 7c00
xc: detail: Mapping superpage (512) pfn 7e00, mfn 7e00
xc: debug: batch 1024
xc: detail: Mapping superpage (512) pfn 8000, mfn 8000
xc: detail: Mapping superpage (512) pfn 8200, mfn 8200
xc: debug: batch 1024
xc: detail: Mapping superpage (512) pfn 8400, mfn 8400
xc: detail: Mapping superpage (512) pfn 8600, mfn 8600
xc: debug: batch 1024
xc: detail: Mapping superpage (512) pfn 8800, mfn 8800
xc: detail: Mapping superpage (512) pfn 8a00, mfn 8a00
xc: debug: batch 1024
xc: detail: Mapping superpage (512) pfn 8c00, mfn 8c00
xc: detail: Mapping superpage (512) pfn 8e00, mfn 8e00
xc: debug: batch 1024
xc: detail: Mapping superpage (512) pfn 9000, mfn 9000
xc: detail: Mapping superpage (512) pfn 9200, mfn 9200
xc: debug: batch 1024
xc: detail: Mapping superpage (512) pfn 9400, mfn 9400
xc: detail: Mapping superpage (512) pfn 9600, mfn 9600
xc: debug: batch 1024
xc: detail: Mapping superpage (512) pfn 9800, mfn 9800
xc: detail: Mapping superpage (512) pfn 9a00, mfn 9a00
xc: debug: batch 1024
xc: detail: Mapping superpage (512) pfn 9c00, mfn 9c00
xc: detail: Mapping superpage (512) pfn 9e00, mfn 9e00
xc: debug: batch 1024
xc: detail: Mapping superpage (512) pfn a000, mfn a000
xc: detail: Mapping superpage (512) pfn a200, mfn a200
xc: detail: Reloading memory pages: 41984/1048575    4%
xc: debug: batch 1024
xc: detail: Mapping superpage (512) pfn a400, mfn a400
xc: detail: Mapping superpage (512) pfn a600, mfn a600
xc: debug: batch 1024
xc: detail: Mapping superpage (512) pfn a800, mfn a800
xc: detail: Mapping superpage (512) pfn aa00, mfn aa00
xc: debug: batch 1024
xc: detail: Mapping superpage (512) pfn ac00, mfn ac00
xc: detail: Mapping superpage (512) pfn ae00, mfn ae00
xc: debug: batch 1024
xc: detail: Mapping superpage (512) pfn b000, mfn b000
xc: detail: Mapping superpage (512) pfn b200, mfn b200
xc: debug: batch 1024
xc: detail: Mapping superpage (512) pfn b400, mfn b400
xc: detail: Mapping superpage (512) pfn b600, mfn b600
xc: debug: batch 1024
xc: detail: Mapping superpage (512) pfn b800, mfn b800
xc: detail: Mapping superpage (512) pfn ba00, mfn ba00
xc: debug: batch 1024
xc: detail: Mapping superpage (512) pfn bc00, mfn bc00
xc: detail: Mapping superpage (512) pfn be00, mfn be00
xc: debug: batch 1024
xc: detail: Mapping superpage (512) pfn c000, mfn c000
xc: detail: Mapping superpage (512) pfn c200, mfn c200
xc: debug: batch 1024
xc: detail: Mapping superpage (512) pfn c400, mfn c400
xc: detail: Mapping superpage (512) pfn c600, mfn c600
xc: debug: batch 1024
xc: detail: Mapping superpage (512) pfn c800, mfn c800
xc: detail: Mapping superpage (512) pfn ca00, mfn ca00
xc: debug: batch 1024
xc: detail: Mapping superpage (512) pfn cc00, mfn cc00
xc: detail: Mapping superpage (512) pfn ce00, mfn ce00
xc: detail: Reloading memory pages: 53248/1048575    5%
xc: debug: batch 1024
xc: detail: Mapping superpage (512) pfn d000, mfn d000
xc: detail: Mapping superpage (512) pfn d200, mfn d200
xc: debug: batch 1024
xc: detail: Mapping superpage (512) pfn d400, mfn d400
xc: detail: Mapping superpage (512) pfn d600, mfn d600
xc: debug: batch 1024
xc: detail: Mapping superpage (512) pfn d800, mfn d800
xc: detail: Mapping superpage (512) pfn da00, mfn da00
xc: debug: batch 1024
xc: detail: Mapping superpage (512) pfn dc00, mfn dc00
xc: detail: Mapping superpage (512) pfn de00, mfn de00
xc: debug: batch 1024
xc: detail: Mapping superpage (512) pfn e000, mfn e000
xc: detail: Mapping superpage (512) pfn e200, mfn e200
xc: debug: batch 1024
xc: detail: Mapping superpage (512) pfn e400, mfn e400
xc: detail: Mapping superpage (512) pfn e600, mfn e600
xc: debug: batch 1024
xc: detail: Mapping superpage (512) pfn e800, mfn e800
xc: detail: Mapping superpage (512) pfn ea00, mfn ea00
xc: debug: batch 1024
xc: detail: Mapping superpage (512) pfn ec00, mfn ec00
xc: detail: Mapping superpage (512) pfn ee00, mfn ee00
xc: debug: batch 1024
xc: detail: Mapping superpage (512) pfn f000, mfn f000
xc: detail: Mapping superpage (512) pfn f200, mfn f200
xc: debug: batch 1024
xc: detail: Mapping superpage (512) pfn f400, mfn f400
xc: detail: Mapping superpage (512) pfn f600, mfn f600
xc: detail: Reloading memory pages: 63488/1048575    6%
xc: debug: batch 1024
xc: detail: Mapping superpage (512) pfn f800, mfn f800
xc: detail: Mapping superpage (512) pfn fa00, mfn fa00
xc: debug: batch 1024
xc: detail: Mapping superpage (512) pfn fc00, mfn fc00
xc: detail: Mapping superpage (512) pfn fe00, mfn fe00
xc: debug: batch 1024
xc: detail: Mapping superpage (512) pfn 10000, mfn 10000
xc: detail: Mapping superpage (512) pfn 10200, mfn 10200
xc: debug: batch 1024
xc: detail: Mapping superpage (512) pfn 10400, mfn 10400
xc: detail: Mapping superpage (512) pfn 10600, mfn 10600
xc: debug: batch 1024
xc: detail: Mapping superpage (512) pfn 10800, mfn 10800
xc: detail: Mapping superpage (512) pfn 10a00, mfn 10a00
xc: debug: batch 1024
xc: detail: Mapping superpage (512) pfn 10c00, mfn 10c00
xc: detail: Mapping superpage (512) pfn 10e00, mfn 10e00
xc: debug: batch 1024
xc: detail: Mapping superpage (512) pfn 11000, mfn 11000
xc: detail: Mapping superpage (512) pfn 11200, mfn 11200
xc: debug: batch 1024
xc: detail: Mapping superpage (512) pfn 11400, mfn 11400
xc: detail: Mapping superpage (512) pfn 11600, mfn 11600
xc: debug: batch 1024
xc: detail: Mapping superpage (512) pfn 11800, mfn 11800
xc: detail: Mapping superpage (512) pfn 11a00, mfn 11a00
xc: debug: batch 1024
xc: detail: Mapping superpage (512) pfn 11c00, mfn 11c00
xc: detail: Mapping superpage (512) pfn 11e00, mfn 11e00
xc: detail: Reloading memory pages: 73728/1048575    7%
xc: debug: batch 1024
xc: detail: Mapping superpage (512) pfn 12000, mfn 12000
xc: detail: Mapping superpage (512) pfn 12200, mfn 12200
xc: debug: batch 1024
xc: detail: Mapping superpage (512) pfn 12400, mfn 12400
xc: detail: Mapping superpage (512) pfn 12600, mfn 12600
xc: debug: batch 1024
xc: detail: Mapping superpage (512) pfn 12800, mfn 12800
xc: detail: Mapping superpage (512) pfn 12a00, mfn 12a00
xc: debug: batch 1024
xc: detail: Mapping superpage (512) pfn 12c00, mfn 12c00
xc: detail: Mapping superpage (512) pfn 12e00, mfn 12e00
xc: debug: batch 1024
xc: detail: Mapping superpage (512) pfn 13000, mfn 13000
xc: detail: Mapping superpage (512) pfn 13200, mfn 13200
xc: debug: batch 1024
xc: detail: Mapping superpage (512) pfn 13400, mfn 13400
xc: detail: Mapping superpage (512) pfn 13600, mfn 13600
xc: debug: batch 1024
xc: detail: Mapping superpage (512) pfn 13800, mfn 13800
xc: detail: Mapping superpage (512) pfn 13a00, mfn 13a00
xc: debug: batch 1024
xc: detail: Mapping superpage (512) pfn 13c00, mfn 13c00
xc: detail: Mapping superpage (512) pfn 13e00, mfn 13e00
xc: debug: batch 1024
xc: detail: Mapping superpage (512) pfn 14000, mfn 14000
xc: detail: Mapping superpage (512) pfn 14200, mfn 14200
xc: debug: batch 1024
xc: detail: Mapping superpage (512) pfn 14400, mfn 14400
xc: detail: Mapping superpage (512) pfn 14600, mfn 14600
xc: detail: Reloading memory pages: 83968/1048575    8%
xc: debug: batch 1024
xc: detail: Mapping superpage (512) pfn 14800, mfn 14800
xc: detail: Mapping superpage (512) pfn 14a00, mfn 14a00
xc: debug: batch 1024
xc: detail: Mapping superpage (512) pfn 14c00, mfn 14c00
xc: detail: Mapping superpage (512) pfn 14e00, mfn 14e00
xc: debug: batch 1024
xc: detail: Mapping superpage (512) pfn 15000, mfn 15000
xc: detail: Mapping superpage (512) pfn 15200, mfn 15200
xc: debug: batch 1024
xc: detail: Mapping superpage (512) pfn 15400, mfn 15400
xc: detail: Mapping superpage (512) pfn 15600, mfn 15600
xc: debug: batch 1024
xc: detail: Mapping superpage (512) pfn 15800, mfn 15800
xc: detail: Mapping superpage (512) pfn 15a00, mfn 15a00
xc: debug: batch 1024
xc: detail: Mapping superpage (512) pfn 15c00, mfn 15c00
xc: detail: Mapping superpage (512) pfn 15e00, mfn 15e00
xc: debug: batch 1024
xc: detail: Mapping superpage (512) pfn 16000, mfn 16000
xc: detail: Mapping superpage (512) pfn 16200, mfn 16200
xc: debug: batch 1024
xc: detail: Mapping superpage (512) pfn 16400, mfn 16400
xc: detail: Mapping superpage (512) pfn 16600, mfn 16600
xc: debug: batch 1024
xc: detail: Mapping superpage (512) pfn 16800, mfn 16800
xc: detail: Mapping superpage (512) pfn 16a00, mfn 16a00
xc: debug: batch 1024
xc: detail: Mapping superpage (512) pfn 16c00, mfn 16c00
xc: detail: Mapping superpage (512) pfn 16e00, mfn 16e00
xc: debug: batch 1024
xc: detail: Mapping superpage (512) pfn 17000, mfn 17000
xc: detail: Mapping superpage (512) pfn 17200, mfn 17200
xc: detail: Reloading memory pages: 95232/1048575    9%
xc: debug: batch 1024
xc: detail: Mapping superpage (512) pfn 17400, mfn 17400
xc: detail: Mapping superpage (512) pfn 17600, mfn 17600
xc: debug: batch 1024
xc: detail: Mapping superpage (512) pfn 17800, mfn 17800
xc: detail: Mapping superpage (512) pfn 17a00, mfn 17a00
xc: debug: batch 1024
xc: detail: Mapping superpage (512) pfn 17c00, mfn 17c00
xc: detail: Mapping superpage (512) pfn 17e00, mfn 17e00
xc: debug: batch 1024
xc: detail: Mapping superpage (512) pfn 18000, mfn 18000
xc: detail: Mapping superpage (512) pfn 18200, mfn 18200
xc: debug: batch 1024
xc: detail: Mapping superpage (512) pfn 18400, mfn 18400
xc: detail: Mapping superpage (512) pfn 18600, mfn 18600
xc: debug: batch 1024
xc: detail: Mapping superpage (512) pfn 18800, mfn 18800
xc: detail: Mapping superpage (512) pfn 18a00, mfn 18a00
xc: debug: batch 1024
xc: detail: Mapping superpage (512) pfn 18c00, mfn 18c00
xc: detail: Mapping superpage (512) pfn 18e00, mfn 18e00
xc: debug: batch 1024
xc: detail: Mapping superpage (512) pfn 19000, mfn 19000
xc: detail: Mapping superpage (512) pfn 19200, mfn 19200
xc: debug: batch 1024
xc: detail: Mapping superpage (512) pfn 19400, mfn 19400
xc: detail: Mapping superpage (512) pfn 19600, mfn 19600
xc: debug: batch 1024
xc: detail: Mapping superpage (512) pfn 19800, mfn 19800
xc: detail: Mapping superpage (512) pfn 19a00, mfn 19a00
xc: detail: Reloading memory pages: 105472/1048575   10%
xc: debug: batch 1024
xc: detail: Mapping superpage (512) pfn 19c00, mfn 19c00
xc: detail: Mapping superpage (512) pfn 19e00, mfn 19e00
xc: debug: batch 1024
xc: detail: Mapping superpage (512) pfn 1a000, mfn 1a000
xc: detail: Mapping superpage (512) pfn 1a200, mfn 1a200
xc: debug: batch 1024
xc: detail: Mapping superpage (512) pfn 1a400, mfn 1a400
xc: detail: Mapping superpage (512) pfn 1a600, mfn 1a600
xc: debug: batch 1024
xc: detail: Mapping superpage (512) pfn 1a800, mfn 1a800
xc: detail: Mapping superpage (512) pfn 1aa00, mfn 1aa00
xc: debug: batch 1024
xc: detail: Mapping superpage (512) pfn 1ac00, mfn 1ac00
xc: detail: Mapping superpage (512) pfn 1ae00, mfn 1ae00
xc: debug: batch 1024
xc: detail: Mapping superpage (512) pfn 1b000, mfn 1b000
xc: detail: Mapping superpage (512) pfn 1b200, mfn 1b200
xc: debug: batch 1024
xc: detail: Mapping superpage (512) pfn 1b400, mfn 1b400
xc: detail: Mapping superpage (512) pfn 1b600, mfn 1b600
xc: debug: batch 1024
xc: detail: Mapping superpage (512) pfn 1b800, mfn 1b800
xc: detail: Mapping superpage (512) pfn 1ba00, mfn 1ba00
xc: debug: batch 1024
xc: detail: Mapping superpage (512) pfn 1bc00, mfn 1bc00
xc: detail: Mapping superpage (512) pfn 1be00, mfn 1be00
xc: debug: batch 1024
xc: detail: Mapping superpage (512) pfn 1c000, mfn 1c000
xc: detail: Mapping superpage (512) pfn 1c200, mfn 1c200
xc: detail: Reloading memory pages: 115712/1048575   11%
xc: debug: batch 1024
xc: detail: Mapping superpage (512) pfn 1c400, mfn 1c400
xc: detail: Mapping superpage (512) pfn 1c600, mfn 1c600
xc: debug: batch 1024
xc: detail: Mapping superpage (512) pfn 1c800, mfn 1c800
xc: detail: Mapping superpage (512) pfn 1ca00, mfn 1ca00
xc: debug: batch 1024
xc: detail: Mapping superpage (512) pfn 1cc00, mfn 1cc00
xc: detail: Mapping superpage (512) pfn 1ce00, mfn 1ce00
xc: debug: batch 1024
xc: detail: Mapping superpage (512) pfn 1d000, mfn 1d000
xc: detail: Mapping superpage (512) pfn 1d200, mfn 1d200
xc: debug: batch 1024
xc: detail: Mapping superpage (512) pfn 1d400, mfn 1d400
xc: detail: Mapping superpage (512) pfn 1d600, mfn 1d600
xc: debug: batch 1024
xc: detail: Mapping superpage (512) pfn 1d800, mfn 1d800
xc: detail: Mapping superpage (512) pfn 1da00, mfn 1da00
xc: debug: batch 1024
xc: detail: Mapping superpage (512) pfn 1dc00, mfn 1dc00
xc: detail: Mapping superpage (512) pfn 1de00, mfn 1de00
xc: debug: batch 1024
xc: detail: Mapping superpage (512) pfn 1e000, mfn 1e000
xc: detail: Mapping superpage (512) pfn 1e200, mfn 1e200
xc: debug: batch 1024
xc: detail: Mapping superpage (512) pfn 1e400, mfn 1e400
xc: detail: Mapping superpage (512) pfn 1e600, mfn 1e600
xc: debug: batch 1024
xc: detail: Mapping superpage (512) pfn 1e800, mfn 1e800
xc: detail: Mapping superpage (512) pfn 1ea00, mfn 1ea00
xc: detail: Reloading memory pages: 125952/1048575   12%
xc: debug: batch 1024
xc: detail: Mapping superpage (512) pfn 1ec00, mfn 1ec00
xc: detail: Mapping superpage (512) pfn 1ee00, mfn 1ee00
xc: debug: batch 1024
xc: detail: Mapping superpage (512) pfn 1f000, mfn 1f000
xc: detail: Mapping superpage (512) pfn 1f200, mfn 1f200
xc: debug: batch 1024
xc: detail: Mapping superpage (512) pfn 1f400, mfn 1f400
xc: detail: Mapping superpage (512) pfn 1f600, mfn 1f600
xc: debug: batch 1024
xc: detail: Falling back 16 pages pfn 20000
xc: detail: Mapping order 0,  16; first pfn 20000
xc: debug: batch 1024
xc: detail: Mapping superpage (512) pfn f0000, mfn f0000
xc: detail: Mapping superpage (512) pfn f0200, mfn f0200
xc: debug: batch 1024
xc: detail: Mapping superpage (512) pfn f0400, mfn f0400
xc: detail: Mapping superpage (512) pfn f0600, mfn f0600
xc: debug: batch 1024
xc: detail: Falling back 10 pages pfn fc000
xc: detail: Mapping order 0,  10; first pfn fc000
xc: debug: batch 1024
xc: detail: Mapping order 0,  8; first pfn feff8
xc: debug: batch 0
xc: debug: Use new firmware ioport from the checkpoint
libxl: debug: libxl_dom.c:681:libxl__toolstack_restore: domain=12 toolstack data size=49
xc: detail: Writing 9203 bytes of QEMU data
xc: detail: Restore exit of domid 12 with rc=0
libxl-save-helper: debug: complete r=0: Success
libxl: debug: libxl_device.c:257:libxl__device_disk_set_backend: Disk vdev=xvda spec.backend=qdisk
libxl: debug: libxl_device.c:257:libxl__device_disk_set_backend: Disk vdev=xvdc spec.backend=qdisk
libxl: debug: libxl_dm.c:1218:libxl__spawn_local_dm: Spawning device-model /usr/lib/xen/bin/qemu-system-i386 with arguments:
libxl: debug: libxl_dm.c:1220:libxl__spawn_local_dm:   /usr/lib/xen/bin/qemu-system-i386
libxl: debug: libxl_dm.c:1220:libxl__spawn_local_dm:   -xen-domid
libxl: debug: libxl_dm.c:1220:libxl__spawn_local_dm:   12
libxl: debug: libxl_dm.c:1220:libxl__spawn_local_dm:   -chardev
libxl: debug: libxl_dm.c:1220:libxl__spawn_local_dm:   socket,id=libxl-cmd,path=/var/run/xen/qmp-libxl-12,server,nowait
libxl: debug: libxl_dm.c:1220:libxl__spawn_local_dm:   -mon
libxl: debug: libxl_dm.c:1220:libxl__spawn_local_dm:   chardev=libxl-cmd,mode=control
libxl: debug: libxl_dm.c:1220:libxl__spawn_local_dm:   -name
libxl: debug: libxl_dm.c:1220:libxl__spawn_local_dm:   opensuse12_3_01
libxl: debug: libxl_dm.c:1220:libxl__spawn_local_dm:   -vnc
libxl: debug: libxl_dm.c:1220:libxl__spawn_local_dm:   127.0.0.1:0,to=99
libxl: debug: libxl_dm.c:1220:libxl__spawn_local_dm:   -global
libxl: debug: libxl_dm.c:1220:libxl__spawn_local_dm:   isa-fdc.driveA=
libxl: debug: libxl_dm.c:1220:libxl__spawn_local_dm:   -vga
libxl: debug: libxl_dm.c:1220:libxl__spawn_local_dm:   cirrus
libxl: debug: libxl_dm.c:1220:libxl__spawn_local_dm:   -global
libxl: debug: libxl_dm.c:1220:libxl__spawn_local_dm:   vga.vram_size_mb=8
libxl: debug: libxl_dm.c:1220:libxl__spawn_local_dm:   -boot
libxl: debug: libxl_dm.c:1220:libxl__spawn_local_dm:   order=d
libxl: debug: libxl_dm.c:1220:libxl__spawn_local_dm:   -net
libxl: debug: libxl_dm.c:1220:libxl__spawn_local_dm:   none
libxl: debug: libxl_dm.c:1220:libxl__spawn_local_dm:   -incoming
libxl: debug: libxl_dm.c:1220:libxl__spawn_local_dm:   fd:44
libxl: debug: libxl_dm.c:1220:libxl__spawn_local_dm:   -M
libxl: debug: libxl_dm.c:1220:libxl__spawn_local_dm:   xenfv
libxl: debug: libxl_dm.c:1220:libxl__spawn_local_dm:   -m
libxl: debug: libxl_dm.c:1220:libxl__spawn_local_dm:   504
libxl: debug: libxl_dm.c:1220:libxl__spawn_local_dm:   -drive
libxl: debug: libxl_dm.c:1220:libxl__spawn_local_dm:   file=/var/lib/xen/images/opensuse12_3_01/disk0.raw,if=ide,index=0,media=disk,format=raw,cache=writeback
libxl: debug: libxl_dm.c:1220:libxl__spawn_local_dm:   -drive
libxl: debug: libxl_dm.c:1220:libxl__spawn_local_dm:   file=/home/bamvor/iso/openSUSE-12.3-1.7-x86_64.iso,if=ide,index=2,media=cdrom,format=raw,cache=writeback,id=ide-51744
libxl: debug: libxl_event.c:559:libxl__ev_xswatch_register: watch w=0x7f4c04002220 wpath=/local/domain/0/device-model/12/state token=3/0: register slotnum=3
libxl: debug: libxl_event.c:503:watchfd_callback: watch w=0x7f4c04002220 wpath=/local/domain/0/device-model/12/state token=3/0: event epath=/local/domain/0/device-model/12/state
libxl: debug: libxl_event.c:503:watchfd_callback: watch w=0x7f4c04002220 wpath=/local/domain/0/device-model/12/state token=3/0: event epath=/local/domain/0/device-model/12/state
libxl: debug: libxl_event.c:596:libxl__ev_xswatch_deregister: watch w=0x7f4c04002220 wpath=/local/domain/0/device-model/12/state token=3/0: deregister slotnum=3
libxl: debug: libxl_event.c:608:libxl__ev_xswatch_deregister: watch w=0x7f4c04002220: deregister unregistered
libxl: debug: libxl_qmp.c:707:libxl__qmp_initialize: connected to /var/run/xen/qmp-libxl-12
libxl: debug: libxl_qmp.c:299:qmp_handle_response: message type: qmp
libxl: debug: libxl_qmp.c:555:qmp_send_prepare: next qmp command: '{
    "execute": "qmp_capabilities",
    "id": 1
}
'
libxl: debug: libxl_qmp.c:299:qmp_handle_response: message type: return
libxl: debug: libxl_qmp.c:555:qmp_send_prepare: next qmp command: '{
    "execute": "query-chardev",
    "id": 2
}
'
libxl: debug: libxl_qmp.c:299:qmp_handle_response: message type: return
libxl: debug: libxl_qmp.c:555:qmp_send_prepare: next qmp command: '{
    "execute": "query-vnc",
    "id": 3
}
'
libxl: debug: libxl_qmp.c:299:qmp_handle_response: message type: return
libxl: debug: libxl_event.c:1755:libxl__ao_progress_report: ao 0x7f4c04001800: progress report: ignored
libxl: debug: libxl_event.c:1569:libxl__ao_complete: ao 0x7f4c04001800: complete, rc=0
libxl: debug: libxl_event.c:1541:libxl__ao__destroy: ao 0x7f4c04001800: destroy
libxl: debug: libxl_event.c:559:libxl__ev_xswatch_register: watch w=0x7f4c0400a370 wpath=@releaseDomain token=3/1: register slotnum=3
libxl: debug: libxl_event.c:503:watchfd_callback: watch w=0x7f4c0400a370 wpath=@releaseDomain token=3/1: event epath=@releaseDomain
libxl: debug: libxl.c:999:domain_death_xswatch_callback: [evg=0x7f4c04001560:12] from domid=12 nentries=1 rc=1
libxl: debug: libxl.c:1010:domain_death_xswatch_callback: [evg=0x7f4c04001560:12]   got=domaininfos[0] got->domain=12
libxl: debug: libxl.c:1037:domain_death_xswatch_callback:  exists shutdown_reported=0 dominf.flags=ffff0002
libxl: debug: libxl.c:1003:domain_death_xswatch_callback: [evg=0] all reported
libxl: debug: libxl.c:1067:domain_death_xswatch_callback: domain death search done
libxl: debug: libxl.c:1251:libxl_domain_destroy: ao 0x7f4c140d8be0: create: how=(nil) callback=(nil) poller=0x7f4c04001c50
libxl: debug: libxl_dm.c:1321:libxl__destroy_device_model: Device Model signaled
libxl: debug: libxl.c:1260:libxl_domain_destroy: ao 0x7f4c140d8be0: inprogress: poller=0x7f4c04001c50, flags=i
libxl: debug: libxl_event.c:1569:libxl__ao_complete: ao 0x7f4c140d8be0: complete, rc=0
libxl: debug: libxl_event.c:1541:libxl__ao__destroy: ao 0x7f4c140d8be0: destroy
libxl: debug: libxl_event.c:503:watchfd_callback: watch w=0x7f4c0400a370 wpath=@releaseDomain token=3/1: event epath=@releaseDomain
libxl: debug: libxl.c:999:domain_death_xswatch_callback: [evg=0x7f4c04001560:12] from domid=12 nentries=1 rc=0
libxl: debug: libxl.c:1010:domain_death_xswatch_callback: [evg=0x7f4c04001560:12]   got=domaininfos[0] got->domain=-1
libxl: debug: libxl.c:955:domain_death_occurred: empty list
libxl: debug: libxl.c:1003:domain_death_xswatch_callback: [evg=0] all reported
libxl: debug: libxl.c:1067:domain_death_xswatch_callback: domain death search done
libxl: debug: libxl_event.c:1154:egc_run_callbacks: event 0x7f4c2db4f340 callback type=domain_death
libxl: debug: libxl_event.c:596:libxl__ev_xswatch_deregister: watch w=0x7f4c0400a370 wpath=@releaseDomain token=3/1: deregister slotnum=3
