libxl: error: libxl.c:3731:libxl_set_memory_target: new target 0 for dom0 is below the minimum threshold

libxl: error: libxl.c:3731:libxl_set_memory_target: new target 0 for dom0 is below the minimum threshold

libxl: error: libxl.c:3731:libxl_set_memory_target: new target 0 for dom0 is below the minimum threshold

libxl: debug: libxl_create.c:1230:do_domain_create: ao 0x7f5944001e00: create: how=(nil) callback=(nil) poller=0x7f5944009330
libxl: debug: libxl_device.c:257:libxl__device_disk_set_backend: Disk vdev=xvda spec.backend=qdisk
libxl: debug: libxl_device.c:257:libxl__device_disk_set_backend: Disk vdev=xvdc spec.backend=qdisk
libxl: debug: libxl_create.c:675:initiate_domain_create: running bootloader
libxl: debug: libxl_bootloader.c:321:libxl__bootloader_run: not a PV domain, skipping bootloader
libxl: debug: libxl_event.c:608:libxl__ev_xswatch_deregister: watch w=0x7f5944002cc8: deregister unregistered
libxl: debug: libxl_numa.c:475:libxl__get_numa_candidate: New best NUMA placement candidate found: nr_nodes=1, nr_cpus=2, nr_vcpus=3, free_memkb=721
libxl: detail: libxl_dom.c:195:numa_place_domain: NUMA placement candidate with 1 nodes, 2 cpus and 721 KB free selected
xc: detail: elf_parse_binary: phdr: paddr=0x100000 memsz=0x9f1a8
xc: detail: elf_parse_binary: memory: 0x100000 -> 0x19f1a8
xc: info: VIRTUAL MEMORY ARRANGEMENT:
  Loader:        0000000000100000->000000000019f1a8
  Modules:       0000000000000000->0000000000000000
  TOTAL:         0000000000000000->000000001f800000
  ENTRY ADDRESS: 0000000000100000
xc: info: PHYSICAL MEMORY ALLOCATION:
  4KB PAGES: 0x0000000000000200
  2MB PAGES: 0x00000000000000fb
  1GB PAGES: 0x0000000000000000
xc: detail: elf_load_binary: phdr 0 at 0x7f5956e8a000 -> 0x7f5956f2002d
libxl: debug: libxl_device.c:257:libxl__device_disk_set_backend: Disk vdev=xvda spec.backend=qdisk
libxl: debug: libxl_device.c:257:libxl__device_disk_set_backend: Disk vdev=xvdc spec.backend=qdisk
libxl: debug: libxl_dm.c:1218:libxl__spawn_local_dm: Spawning device-model /usr/lib/xen/bin/qemu-system-i386 with arguments:
libxl: debug: libxl_dm.c:1220:libxl__spawn_local_dm:   /usr/lib/xen/bin/qemu-system-i386
libxl: debug: libxl_dm.c:1220:libxl__spawn_local_dm:   -xen-domid
libxl: debug: libxl_dm.c:1220:libxl__spawn_local_dm:   17
libxl: debug: libxl_dm.c:1220:libxl__spawn_local_dm:   -chardev
libxl: debug: libxl_dm.c:1220:libxl__spawn_local_dm:   socket,id=libxl-cmd,path=/var/run/xen/qmp-libxl-17,server,nowait
libxl: debug: libxl_dm.c:1220:libxl__spawn_local_dm:   -mon
libxl: debug: libxl_dm.c:1220:libxl__spawn_local_dm:   chardev=libxl-cmd,mode=control
libxl: debug: libxl_dm.c:1220:libxl__spawn_local_dm:   -name
libxl: debug: libxl_dm.c:1220:libxl__spawn_local_dm:   opensuse12_3_01
libxl: debug: libxl_dm.c:1220:libxl__spawn_local_dm:   -vnc
libxl: debug: libxl_dm.c:1220:libxl__spawn_local_dm:   127.0.0.1:0,to=99
libxl: debug: libxl_dm.c:1220:libxl__spawn_local_dm:   -global
libxl: debug: libxl_dm.c:1220:libxl__spawn_local_dm:   isa-fdc.driveA=
libxl: debug: libxl_dm.c:1220:libxl__spawn_local_dm:   -vga
libxl: debug: libxl_dm.c:1220:libxl__spawn_local_dm:   cirrus
libxl: debug: libxl_dm.c:1220:libxl__spawn_local_dm:   -global
libxl: debug: libxl_dm.c:1220:libxl__spawn_local_dm:   vga.vram_size_mb=8
libxl: debug: libxl_dm.c:1220:libxl__spawn_local_dm:   -boot
libxl: debug: libxl_dm.c:1220:libxl__spawn_local_dm:   order=d
libxl: debug: libxl_dm.c:1220:libxl__spawn_local_dm:   -net
libxl: debug: libxl_dm.c:1220:libxl__spawn_local_dm:   none
libxl: debug: libxl_dm.c:1220:libxl__spawn_local_dm:   -M
libxl: debug: libxl_dm.c:1220:libxl__spawn_local_dm:   xenfv
libxl: debug: libxl_dm.c:1220:libxl__spawn_local_dm:   -m
libxl: debug: libxl_dm.c:1220:libxl__spawn_local_dm:   504
libxl: debug: libxl_dm.c:1220:libxl__spawn_local_dm:   -drive
libxl: debug: libxl_dm.c:1220:libxl__spawn_local_dm:   file=/var/lib/xen/images/opensuse12_3_01/disk0.raw,if=ide,index=0,media=disk,format=raw,cache=writeback
libxl: debug: libxl_dm.c:1220:libxl__spawn_local_dm:   -drive
libxl: debug: libxl_dm.c:1220:libxl__spawn_local_dm:   file=/home/bamvor/iso/openSUSE-12.3-1.7-x86_64.iso,if=ide,index=2,media=cdrom,format=raw,cache=writeback,id=ide-51744
libxl: debug: libxl_event.c:559:libxl__ev_xswatch_register: watch w=0x7f5944002f00 wpath=/local/domain/0/device-model/17/state token=3/0: register slotnum=3
libxl: debug: libxl_create.c:1243:do_domain_create: ao 0x7f5944001e00: inprogress: poller=0x7f5944009330, flags=i
libxl: debug: libxl_event.c:503:watchfd_callback: watch w=0x7f5944002f00 wpath=/local/domain/0/device-model/17/state token=3/0: event epath=/local/domain/0/device-model/17/state
libxl: debug: libxl_event.c:503:watchfd_callback: watch w=0x7f5944002f00 wpath=/local/domain/0/device-model/17/state token=3/0: event epath=/local/domain/0/device-model/17/state
libxl: debug: libxl_event.c:596:libxl__ev_xswatch_deregister: watch w=0x7f5944002f00 wpath=/local/domain/0/device-model/17/state token=3/0: deregister slotnum=3
libxl: debug: libxl_event.c:608:libxl__ev_xswatch_deregister: watch w=0x7f5944002f00: deregister unregistered
libxl: debug: libxl_qmp.c:707:libxl__qmp_initialize: connected to /var/run/xen/qmp-libxl-17
libxl: debug: libxl_qmp.c:299:qmp_handle_response: message type: qmp
libxl: debug: libxl_qmp.c:555:qmp_send_prepare: next qmp command: '{
    "execute": "qmp_capabilities",
    "id": 1
}
'
libxl: debug: libxl_qmp.c:299:qmp_handle_response: message type: return
libxl: debug: libxl_qmp.c:555:qmp_send_prepare: next qmp command: '{
    "execute": "query-chardev",
    "id": 2
}
'
libxl: debug: libxl_qmp.c:299:qmp_handle_response: message type: return
libxl: debug: libxl_qmp.c:555:qmp_send_prepare: next qmp command: '{
    "execute": "query-vnc",
    "id": 3
}
'
libxl: debug: libxl_qmp.c:299:qmp_handle_response: message type: return
libxl: debug: libxl_event.c:1737:libxl__ao_progress_report: ao 0x7f5944001e00: progress report: ignored
libxl: debug: libxl_event.c:1569:libxl__ao_complete: ao 0x7f5944001e00: complete, rc=0
libxl: debug: libxl_event.c:1541:libxl__ao__destroy: ao 0x7f5944001e00: destroy
libxl: debug: libxl_event.c:559:libxl__ev_xswatch_register: watch w=0x7f5944002900 wpath=@releaseDomain token=3/1: register slotnum=3
libxl: debug: libxl_event.c:503:watchfd_callback: watch w=0x7f5944002900 wpath=@releaseDomain token=3/1: event epath=@releaseDomain
libxl: debug: libxl.c:999:domain_death_xswatch_callback: [evg=0x7f5944009280:17] from domid=17 nentries=1 rc=1
libxl: debug: libxl.c:1010:domain_death_xswatch_callback: [evg=0x7f5944009280:17]   got=domaininfos[0] got->domain=17
libxl: debug: libxl.c:1037:domain_death_xswatch_callback:  exists shutdown_reported=0 dominf.flags=ffff0002
libxl: debug: libxl.c:1003:domain_death_xswatch_callback: [evg=0] all reported
libxl: debug: libxl.c:1067:domain_death_xswatch_callback: domain death search done
