xc: debug: batch 1024
xc: detail: Mapping superpage (512) pfn 1e800, mfn 1e800
xc: detail: Mapping superpage (512) pfn 1ea00, mfn 1ea00
xc: detail: Reloading memory pages: 125952/1048575   12%
xc: debug: batch 1024
xc: detail: Mapping superpage (512) pfn 1ec00, mfn 1ec00
xc: detail: Mapping superpage (512) pfn 1ee00, mfn 1ee00
xc: debug: batch 1024
xc: detail: Mapping superpage (512) pfn 1f000, mfn 1f000
xc: detail: Mapping superpage (512) pfn 1f200, mfn 1f200
xc: debug: batch 1024
xc: detail: Mapping superpage (512) pfn 1f400, mfn 1f400
xc: detail: Mapping superpage (512) pfn 1f600, mfn 1f600
xc: debug: batch 1024
xc: detail: Falling back 16 pages pfn 20000
xc: detail: Mapping order 0,  16; first pfn 20000
xc: error: 0-length read: Internal error
xc: error: read_exact_timed failed (read rc: 0, errno: 0): Internal error
xc: error: Error when reading batch size (0 = Success): Internal error
xc: error: Error when reading batch (0 = Success): Internal error
xc: detail: Restore exit of domid 9 with rc=1
libxl-save-helper: debug: complete r=1: Resource temporarily unavailable
libxl: error: libxl_create.c:818:libxl__xc_domain_restore_done: restoring domain: Resource temporarily unavailable
libxl: error: libxl_create.c:900:domcreate_rebuild_done: cannot (re-)build domain: -3
libxl: error: libxl.c:1378:libxl__destroy_domid: non-existant domain 9
libxl: error: libxl.c:1342:domain_destroy_callback: unable to destroy guest with domid 9
libxl: error: libxl_create.c:1209:domcreate_destruction_cb: unable to destroy domain 9 following failed creation
libxl: debug: libxl_event.c:1569:libxl__ao_complete: ao 0x7f8fc80008e0: complete, rc=-3
libxl: debug: libxl_event.c:1616:libxl__ao_complete_check_progress_reports: ao 0x7f8fc80008e0: complete for callback
libxl: debug: libxl_event.c:1585:libxl__ao_occurred: ao 0x7f8fc80008e0: completion callback
libxl: debug: libxl_event.c:1541:libxl__ao__destroy: ao 0x7f8fc80008e0: destroy
libxl: debug: libxl_event.c:559:libxl__ev_xswatch_register: watch w=0x7f8fc8001000 wpath=@releaseDomain token=3/0: register slotnum=3
libxl: debug: libxl_event.c:503:watchfd_callback: watch w=0x7f8fc8001000 wpath=@releaseDomain token=3/0: event epath=@releaseDomain
libxl: debug: libxl.c:999:domain_death_xswatch_callback: [evg=0x7f8fc8000b30:0] from domid=0 nentries=1 rc=1
libxl: debug: libxl.c:1010:domain_death_xswatch_callback: [evg=0x7f8fc8000b30:0]   got=domaininfos[0] got->domain=0
libxl: debug: libxl.c:1037:domain_death_xswatch_callback:  exists shutdown_reported=0 dominf.flags=ffff0020
libxl: debug: libxl.c:1003:domain_death_xswatch_callback: [evg=0] all reported
libxl: debug: libxl.c:1067:domain_death_xswatch_callback: domain death search done
libxl: debug: libxl.c:1251:libxl_domain_destroy: ao 0x7f8fb8000b30: create: how=0x7f8fd8d73ee0 callback=0x7f8fd8b393a0 poller=(nil)
libxl: error: libxl.c:1411:libxl__destroy_domid: xc_domain_pause failed for 0
libxl: error: libxl.c:1471:devices_destroy_cb: xc_domain_destroy failed for 0
libxl: error: libxl.c:1342:domain_destroy_callback: unable to destroy guest with domid 0
libxl: error: libxl.c:1269:domain_destroy_cb: destruction of domain 0 failed
libxl: debug: libxl_event.c:1569:libxl__ao_complete: ao 0x7f8fb8000b30: complete, rc=-3
libxl: debug: libxl_event.c:1616:libxl__ao_complete_check_progress_reports: ao 0x7f8fb8000b30: complete for callback
libxl: debug: libxl_event.c:1585:libxl__ao_occurred: ao 0x7f8fb8000b30: completion callback
libxl: debug: libxl.c:1260:libxl_domain_destroy: ao 0x7f8fb8000b30: inprogress: poller=(nil), flags=icn
libxl: debug: libxl_event.c:1541:libxl__ao__destroy: ao 0x7f8fb8000b30: destroy
libxl: debug: libxl_event.c:596:libxl__ev_xswatch_deregister: watch w=0x7f8fc8001000 wpath=@releaseDomain token=3/0: deregister slotnum=3


